C51 COMPILER V9.00   DELAY                                                                 10/15/2018 14:10:31 PAGE 1   


C51 COMPILER V9.00, COMPILATION OF MODULE DELAY
OBJECT MODULE PLACED IN ..\Output\delay.obj
COMPILER INVOKED BY: D:\Keil_v514\C51\BIN\C51.EXE ..\User\delay.c OPTIMIZE(8,SPEED) BROWSE DEBUG OBJECTEXTEND PRINT(..\L
                    -isting\delay.lst) TABS(2) OBJECT(..\Output\delay.obj)

line level    source

   1          #include "delay.h"
   2          #include "io.h"
   3          
   4          uint16_t Timing_Count = 0;
   5          uint16_t Device_Online_Count = 0;
   6          
   7          
   8          void Timer1_Init(void) //1ms
   9          {
  10   1        AUXR &= 0xbf;   //?????1T??
  11   1        TMOD &= 0x0F;   //???????
  12   1        TL1 = 0x00;   //??????
  13   1        TH1 = 0xB8;   //??????
  14   1        
  15   1        TF1 = 0;    //??TF1??
  16   1        ET1 = 1;
  17   1        EA = 1;
  18   1        TR1 = 1;    //???1????
  19   1      }
  20          
  21          void Device_State_Jugement(void)
  22          {
  23   1        if(Device_Online_Count)
  24   1        {
  25   2          Device_State = Online;
  26   2          Device_Online_Count--;
  27   2        }
  28   1        else
  29   1        {
  30   2          Device_State = Offline;  
  31   2        }
  32   1      }
  33          
  34          
  35          void Timer1_Delay10ms(uint16_t Delay_ms)
  36          {
  37   1        Timing_Count = Delay_ms;
  38   1        while(Timing_Count);
  39   1      }
  40          
  41          
  42          void TM1_Isr() interrupt 3 using 1
  43          {
  44   1        Device_State_Jugement();
  45   1        if(Timing_Count)
  46   1        {
  47   2          Timing_Count--;
  48   2        }
  49   1      }
  50          
  51          


MODULE INFORMATION:   STATIC OVERLAYABLE
C51 COMPILER V9.00   DELAY                                                                 10/15/2018 14:10:31 PAGE 2   

   CODE SIZE        =     76    ----
   CONSTANT SIZE    =   ----    ----
   XDATA SIZE       =   ----    ----
   PDATA SIZE       =   ----    ----
   DATA SIZE        =      4    ----
   IDATA SIZE       =   ----    ----
   BIT SIZE         =   ----    ----
END OF MODULE INFORMATION.


C51 COMPILATION COMPLETE.  0 WARNING(S),  0 ERROR(S)
