C51 COMPILER V9.00   MAIN                                                                  08/27/2018 17:05:12 PAGE 1   


C51 COMPILER V9.00, COMPILATION OF MODULE MAIN
OBJECT MODULE PLACED IN ..\Output\main.obj
COMPILER INVOKED BY: D:\Keil_v514\C51\BIN\C51.EXE ..\User\main.c OPTIMIZE(8,SPEED) BROWSE DEBUG OBJECTEXTEND PRINT(..\Li
                    -sting\main.lst) TABS(2) OBJECT(..\Output\main.obj)

line level    source

   1          #include "STC8F2K16S2.H"
   2          #include "io.h"
   3          #include "relay.h"
   4          #include "rs485.h"
   5          #include "watchdog.h"
   6          #include "delay.h"
   7          
   8          
   9          void main(void)
  10          {
  11   1        RS485_Init();
  12   1        Timer1_Init();
  13   1        Relay_Init();
  14   1        WatchDog_Init();
  15   1        while (1)
  16   1        { 
  17   2          IO_Enable_Scan();
  18   2          IO_Input_Scan();
  19   2          IO_RS485_Addr_Scan();       
  20   2          WatchDog_Feed();    
  21   2        }
  22   1      }
  23          
  24          


MODULE INFORMATION:   STATIC OVERLAYABLE
   CODE SIZE        =     26    ----
   CONSTANT SIZE    =   ----    ----
   XDATA SIZE       =   ----    ----
   PDATA SIZE       =   ----    ----
   DATA SIZE        =   ----    ----
   IDATA SIZE       =   ----    ----
   BIT SIZE         =   ----    ----
END OF MODULE INFORMATION.


C51 COMPILATION COMPLETE.  0 WARNING(S),  0 ERROR(S)
