C51 COMPILER V9.00   WATCHDOG                                                              08/27/2018 17:05:13 PAGE 1   


C51 COMPILER V9.00, COMPILATION OF MODULE WATCHDOG
OBJECT MODULE PLACED IN ..\Output\watchdog.obj
COMPILER INVOKED BY: D:\Keil_v514\C51\BIN\C51.EXE ..\User\watchdog.c OPTIMIZE(8,SPEED) BROWSE DEBUG OBJECTEXTEND PRINT(.
                    -.\Listing\watchdog.lst) TABS(2) OBJECT(..\Output\watchdog.obj)

line level    source

   1          #include "watchdog.h"
   2          
   3          
   4          void WatchDog_Init(void)
   5          {
   6   1         WDT_CONTR = 0x3e;      //#0011 1110  启动看门狗
   7   1                                //            看门狗清零位，当设置为1时，看门狗将重新计数，同时硬件立即将此位清零
   8   1                                //            看门狗IDLE空闲模式位，当设置为1时，WDT在空闲模式计数
   9   1                                //            看门狗分频系数,[PS2 PS1 PS0]=110,分频系数为128
  10   1                                //            看门狗溢出时间 = (12*分频系数*32768)/时钟频率
  11   1                                //            分频系数 = 128，时钟频率 = 22.1184MHz ，则看门狗溢出时间=2.275s
  12   1      }       
  13          
  14          void WatchDog_Feed(void)
  15          {
  16   1         WDT_CONTR = 0x3e;       //喂狗，同时复位WDT
  17   1      }


MODULE INFORMATION:   STATIC OVERLAYABLE
   CODE SIZE        =      8    ----
   CONSTANT SIZE    =   ----    ----
   XDATA SIZE       =   ----    ----
   PDATA SIZE       =   ----    ----
   DATA SIZE        =   ----    ----
   IDATA SIZE       =   ----    ----
   BIT SIZE         =   ----    ----
END OF MODULE INFORMATION.


C51 COMPILATION COMPLETE.  0 WARNING(S),  0 ERROR(S)
